DEBUG:urllib3.connectionpool:Starting new HTTPS connection (1): antrimandnewtownabbey.legendonlineservices.co.uk:443
DEBUG:urllib3.connectionpool:https://antrimandnewtownabbey.legendonlineservices.co.uk:443 "POST /valley/Timetable/GetClassTimeTable HTTP/1.1" 200 1630
DEBUG:urllib3.connectionpool:Starting new HTTPS connection (1): antrimandnewtownabbey.legendonlineservices.co.uk:443
DEBUG:urllib3.connectionpool:https://antrimandnewtownabbey.legendonlineservices.co.uk:443 "POST /valley/account/processloginrequest HTTP/1.1" 200 193
DEBUG:urllib3.connectionpool:https://antrimandnewtownabbey.legendonlineservices.co.uk:443 "POST /valley/Timetable/AddClassBookingToBasket HTTP/1.1" 200 205
ERROR:__main__:You are already booked into this activtiy (YOGA 2024-04-12 10:00)
INFO:__main__:Running Booking: 2024-04-05 07:28:21.401276
DEBUG:urllib3.connectionpool:Starting new HTTPS connection (1): antrimandnewtownabbey.legendonlineservices.co.uk:443
DEBUG:urllib3.connectionpool:https://antrimandnewtownabbey.legendonlineservices.co.uk:443 "POST /valley/Timetable/GetClassTimeTable HTTP/1.1" 200 1630
DEBUG:urllib3.connectionpool:Starting new HTTPS connection (1): antrimandnewtownabbey.legendonlineservices.co.uk:443
DEBUG:urllib3.connectionpool:https://antrimandnewtownabbey.legendonlineservices.co.uk:443 "POST /valley/account/processloginrequest HTTP/1.1" 200 193
DEBUG:urllib3.connectionpool:https://antrimandnewtownabbey.legendonlineservices.co.uk:443 "POST /valley/Timetable/AddClassBookingToBasket HTTP/1.1" 200 205
ERROR:__main__:You are already booked into this activtiy (YOGA 2024-04-12 10:00)
INFO:__main__:Running Booking: 2024-04-09 06:03:57.226902
DEBUG:urllib3.connectionpool:Starting new HTTPS connection (1): antrimandnewtownabbey.legendonlineservices.co.uk:443
DEBUG:urllib3.connectionpool:https://antrimandnewtownabbey.legendonlineservices.co.uk:443 "POST /valley/Timetable/GetClassTimeTable HTTP/1.1" 200 1828
DEBUG:urllib3.connectionpool:Starting new HTTPS connection (1): antrimandnewtownabbey.legendonlineservices.co.uk:443
DEBUG:urllib3.connectionpool:https://antrimandnewtownabbey.legendonlineservices.co.uk:443 "POST /valley/account/processloginrequest HTTP/1.1" 200 193
DEBUG:urllib3.connectionpool:https://antrimandnewtownabbey.legendonlineservices.co.uk:443 "POST /valley/Timetable/AddClassBookingToBasket HTTP/1.1" 200 243
DEBUG:urllib3.connectionpool:Starting new HTTPS connection (1): antrimandnewtownabbey.legendonlineservices.co.uk:443
DEBUG:urllib3.connectionpool:https://antrimandnewtownabbey.legendonlineservices.co.uk:443 "POST /valley/account/processloginrequest HTTP/1.1" 200 193
DEBUG:urllib3.connectionpool:https://antrimandnewtownabbey.legendonlineservices.co.uk:443 "POST /valley/cart/confirmbasket HTTP/1.1" 200 183
INFO:__main__:Booking Confirmed: PILATES 2024-04-16 10
INFO:__main__:Running Booking: 2024-04-11 06:00:00.398636
DEBUG:urllib3.connectionpool:Starting new HTTPS connection (1): antrimandnewtownabbey.legendonlineservices.co.uk:443
DEBUG:urllib3.connectionpool:https://antrimandnewtownabbey.legendonlineservices.co.uk:443 "POST /valley/Timetable/GetClassTimeTable HTTP/1.1" 200 1645
DEBUG:urllib3.connectionpool:Starting new HTTPS connection (1): antrimandnewtownabbey.legendonlineservices.co.uk:443
DEBUG:urllib3.connectionpool:https://antrimandnewtownabbey.legendonlineservices.co.uk:443 "POST /valley/account/processloginrequest HTTP/1.1" 200 193
DEBUG:urllib3.connectionpool:https://antrimandnewtownabbey.legendonlineservices.co.uk:443 "POST /valley/Timetable/AddClassBookingToBasket HTTP/1.1" 200 245
DEBUG:urllib3.connectionpool:Starting new HTTPS connection (1): antrimandnewtownabbey.legendonlineservices.co.uk:443
DEBUG:urllib3.connectionpool:https://antrimandnewtownabbey.legendonlineservices.co.uk:443 "POST /valley/account/processloginrequest HTTP/1.1" 200 193
DEBUG:urllib3.connectionpool:https://antrimandnewtownabbey.legendonlineservices.co.uk:443 "POST /valley/cart/confirmbasket HTTP/1.1" 200 182
INFO:__main__:Booking Confirmed: PILATES 2024-04-18 10
INFO:__main__:Running Booking: 2024-04-12 06:00:00.569444
DEBUG:urllib3.connectionpool:Starting new HTTPS connection (1): antrimandnewtownabbey.legendonlineservices.co.uk:443
DEBUG:urllib3.connectionpool:https://antrimandnewtownabbey.legendonlineservices.co.uk:443 "POST /valley/Timetable/GetClassTimeTable HTTP/1.1" 200 1582
DEBUG:urllib3.connectionpool:Starting new HTTPS connection (1): antrimandnewtownabbey.legendonlineservices.co.uk:443
DEBUG:urllib3.connectionpool:https://antrimandnewtownabbey.legendonlineservices.co.uk:443 "POST /valley/account/processloginrequest HTTP/1.1" 200 193
DEBUG:urllib3.connectionpool:https://antrimandnewtownabbey.legendonlineservices.co.uk:443 "POST /valley/Timetable/AddClassBookingToBasket HTTP/1.1" 200 243
DEBUG:urllib3.connectionpool:Starting new HTTPS connection (1): antrimandnewtownabbey.legendonlineservices.co.uk:443
DEBUG:urllib3.connectionpool:https://antrimandnewtownabbey.legendonlineservices.co.uk:443 "POST /valley/account/processloginrequest HTTP/1.1" 200 193
DEBUG:urllib3.connectionpool:https://antrimandnewtownabbey.legendonlineservices.co.uk:443 "POST /valley/cart/confirmbasket HTTP/1.1" 200 186
INFO:__main__:Booking Confirmed: YOGA 2024-04-19 10
INFO:__main__:Running Booking: 2024-04-16 06:00:00.088951
DEBUG:urllib3.connectionpool:Starting new HTTPS connection (1): antrimandnewtownabbey.legendonlineservices.co.uk:443
DEBUG:urllib3.connectionpool:https://antrimandnewtownabbey.legendonlineservices.co.uk:443 "POST /valley/Timetable/GetClassTimeTable HTTP/1.1" 200 1836
DEBUG:urllib3.connectionpool:Starting new HTTPS connection (1): antrimandnewtownabbey.legendonlineservices.co.uk:443
DEBUG:urllib3.connectionpool:https://antrimandnewtownabbey.legendonlineservices.co.uk:443 "POST /valley/account/processloginrequest HTTP/1.1" 200 193
DEBUG:urllib3.connectionpool:https://antrimandnewtownabbey.legendonlineservices.co.uk:443 "POST /valley/Timetable/AddClassBookingToBasket HTTP/1.1" 200 244
DEBUG:urllib3.connectionpool:Starting new HTTPS connection (1): antrimandnewtownabbey.legendonlineservices.co.uk:443
DEBUG:urllib3.connectionpool:https://antrimandnewtownabbey.legendonlineservices.co.uk:443 "POST /valley/account/processloginrequest HTTP/1.1" 200 193
DEBUG:urllib3.connectionpool:https://antrimandnewtownabbey.legendonlineservices.co.uk:443 "POST /valley/cart/confirmbasket HTTP/1.1" 200 185
INFO:__main__:Booking Confirmed: PILATES 2024-04-23 10
INFO:__main__:Running Booking: 2024-04-18 06:00:00.707829
DEBUG:urllib3.connectionpool:Starting new HTTPS connection (1): antrimandnewtownabbey.legendonlineservices.co.uk:443
DEBUG:urllib3.connectionpool:https://antrimandnewtownabbey.legendonlineservices.co.uk:443 "POST /valley/Timetable/GetClassTimeTable HTTP/1.1" 200 1827
DEBUG:urllib3.connectionpool:Starting new HTTPS connection (1): antrimandnewtownabbey.legendonlineservices.co.uk:443
DEBUG:urllib3.connectionpool:https://antrimandnewtownabbey.legendonlineservices.co.uk:443 "POST /valley/account/processloginrequest HTTP/1.1" 200 193
DEBUG:urllib3.connectionpool:https://antrimandnewtownabbey.legendonlineservices.co.uk:443 "POST /valley/Timetable/AddClassBookingToBasket HTTP/1.1" 200 244
DEBUG:urllib3.connectionpool:Starting new HTTPS connection (1): antrimandnewtownabbey.legendonlineservices.co.uk:443
DEBUG:urllib3.connectionpool:https://antrimandnewtownabbey.legendonlineservices.co.uk:443 "POST /valley/account/processloginrequest HTTP/1.1" 200 193
DEBUG:urllib3.connectionpool:https://antrimandnewtownabbey.legendonlineservices.co.uk:443 "POST /valley/cart/confirmbasket HTTP/1.1" 200 183
INFO:__main__:Booking Confirmed: PILATES 2024-04-25 10
INFO:__main__:Running Booking: 2024-04-19 06:00:00.026607
DEBUG:urllib3.connectionpool:Starting new HTTPS connection (1): antrimandnewtownabbey.legendonlineservices.co.uk:443
DEBUG:urllib3.connectionpool:https://antrimandnewtownabbey.legendonlineservices.co.uk:443 "POST /valley/Timetable/GetClassTimeTable HTTP/1.1" 200 1731
DEBUG:urllib3.connectionpool:Starting new HTTPS connection (1): antrimandnewtownabbey.legendonlineservices.co.uk:443
DEBUG:urllib3.connectionpool:https://antrimandnewtownabbey.legendonlineservices.co.uk:443 "POST /valley/account/processloginrequest HTTP/1.1" 200 193
DEBUG:urllib3.connectionpool:https://antrimandnewtownabbey.legendonlineservices.co.uk:443 "POST /valley/Timetable/AddClassBookingToBasket HTTP/1.1" 200 245
DEBUG:urllib3.connectionpool:Starting new HTTPS connection (1): antrimandnewtownabbey.legendonlineservices.co.uk:443
DEBUG:urllib3.connectionpool:https://antrimandnewtownabbey.legendonlineservices.co.uk:443 "POST /valley/account/processloginrequest HTTP/1.1" 200 193
DEBUG:urllib3.connectionpool:https://antrimandnewtownabbey.legendonlineservices.co.uk:443 "POST /valley/cart/confirmbasket HTTP/1.1" 200 181
INFO:__main__:Booking Confirmed: YOGA 2024-04-26 10
INFO:__main__:Running Booking: 2024-04-25 06:00:00.608799
DEBUG:urllib3.connectionpool:Starting new HTTPS connection (1): antrimandnewtownabbey.legendonlineservices.co.uk:443
DEBUG:urllib3.connectionpool:https://antrimandnewtownabbey.legendonlineservices.co.uk:443 "POST /valley/Timetable/GetClassTimeTable HTTP/1.1" 200 1845
DEBUG:urllib3.connectionpool:Starting new HTTPS connection (1): antrimandnewtownabbey.legendonlineservices.co.uk:443
DEBUG:urllib3.connectionpool:https://antrimandnewtownabbey.legendonlineservices.co.uk:443 "POST /valley/account/processloginrequest HTTP/1.1" 200 193
DEBUG:urllib3.connectionpool:https://antrimandnewtownabbey.legendonlineservices.co.uk:443 "POST /valley/Timetable/AddClassBookingToBasket HTTP/1.1" 200 245
DEBUG:urllib3.connectionpool:Starting new HTTPS connection (1): antrimandnewtownabbey.legendonlineservices.co.uk:443
DEBUG:urllib3.connectionpool:https://antrimandnewtownabbey.legendonlineservices.co.uk:443 "POST /valley/account/processloginrequest HTTP/1.1" 200 193
DEBUG:urllib3.connectionpool:https://antrimandnewtownabbey.legendonlineservices.co.uk:443 "POST /valley/cart/confirmbasket HTTP/1.1" 200 184
INFO:__main__:Booking Confirmed: PILATES 2024-05-02 10
INFO:__main__:Running Booking: 2024-04-26 06:00:00.848278
DEBUG:urllib3.connectionpool:Starting new HTTPS connection (1): antrimandnewtownabbey.legendonlineservices.co.uk:443
DEBUG:urllib3.connectionpool:https://antrimandnewtownabbey.legendonlineservices.co.uk:443 "POST /valley/Timetable/GetClassTimeTable HTTP/1.1" 200 1753
DEBUG:urllib3.connectionpool:Starting new HTTPS connection (1): antrimandnewtownabbey.legendonlineservices.co.uk:443
DEBUG:urllib3.connectionpool:https://antrimandnewtownabbey.legendonlineservices.co.uk:443 "POST /valley/account/processloginrequest HTTP/1.1" 200 193
DEBUG:urllib3.connectionpool:https://antrimandnewtownabbey.legendonlineservices.co.uk:443 "POST /valley/Timetable/AddClassBookingToBasket HTTP/1.1" 200 245
DEBUG:urllib3.connectionpool:Starting new HTTPS connection (1): antrimandnewtownabbey.legendonlineservices.co.uk:443
DEBUG:urllib3.connectionpool:https://antrimandnewtownabbey.legendonlineservices.co.uk:443 "POST /valley/account/processloginrequest HTTP/1.1" 200 193
DEBUG:urllib3.connectionpool:https://antrimandnewtownabbey.legendonlineservices.co.uk:443 "POST /valley/cart/confirmbasket HTTP/1.1" 200 184
INFO:__main__:Booking Confirmed: YOGA 2024-05-03 10
INFO:__main__:Running Booking: 2024-04-27 07:00:04.834509
INFO:__main__:Running Booking: 2024-04-28 06:00:00.352834
INFO:__main__:Running Booking: 2024-04-30 06:00:00.429930
DEBUG:urllib3.connectionpool:Starting new HTTPS connection (1): antrimandnewtownabbey.legendonlineservices.co.uk:443
DEBUG:urllib3.connectionpool:https://antrimandnewtownabbey.legendonlineservices.co.uk:443 "POST /valley/Timetable/GetClassTimeTable HTTP/1.1" 200 1916
DEBUG:urllib3.connectionpool:Starting new HTTPS connection (1): antrimandnewtownabbey.legendonlineservices.co.uk:443
DEBUG:urllib3.connectionpool:https://antrimandnewtownabbey.legendonlineservices.co.uk:443 "POST /valley/account/processloginrequest HTTP/1.1" 200 193
DEBUG:urllib3.connectionpool:https://antrimandnewtownabbey.legendonlineservices.co.uk:443 "POST /valley/Timetable/AddClassBookingToBasket HTTP/1.1" 200 245
DEBUG:urllib3.connectionpool:Starting new HTTPS connection (1): antrimandnewtownabbey.legendonlineservices.co.uk:443
DEBUG:urllib3.connectionpool:https://antrimandnewtownabbey.legendonlineservices.co.uk:443 "POST /valley/account/processloginrequest HTTP/1.1" 200 193
DEBUG:urllib3.connectionpool:https://antrimandnewtownabbey.legendonlineservices.co.uk:443 "POST /valley/cart/confirmbasket HTTP/1.1" 200 184
INFO:__main__:Booking Confirmed: PILATES 2024-05-07 10
INFO:__main__:Running Booking: 2024-05-02 06:00:00.264786
DEBUG:urllib3.connectionpool:Starting new HTTPS connection (1): antrimandnewtownabbey.legendonlineservices.co.uk:443
DEBUG:urllib3.connectionpool:https://antrimandnewtownabbey.legendonlineservices.co.uk:443 "POST /valley/Timetable/GetClassTimeTable HTTP/1.1" 200 1838
DEBUG:urllib3.connectionpool:Starting new HTTPS connection (1): antrimandnewtownabbey.legendonlineservices.co.uk:443
DEBUG:urllib3.connectionpool:https://antrimandnewtownabbey.legendonlineservices.co.uk:443 "POST /valley/account/processloginrequest HTTP/1.1" 200 193
DEBUG:urllib3.connectionpool:https://antrimandnewtownabbey.legendonlineservices.co.uk:443 "POST /valley/Timetable/AddClassBookingToBasket HTTP/1.1" 200 245
DEBUG:urllib3.connectionpool:Starting new HTTPS connection (1): antrimandnewtownabbey.legendonlineservices.co.uk:443
DEBUG:urllib3.connectionpool:https://antrimandnewtownabbey.legendonlineservices.co.uk:443 "POST /valley/account/processloginrequest HTTP/1.1" 200 193
DEBUG:urllib3.connectionpool:https://antrimandnewtownabbey.legendonlineservices.co.uk:443 "POST /valley/cart/confirmbasket HTTP/1.1" 200 184
INFO:__main__:Booking Confirmed: PILATES 2024-05-09 10
INFO:__main__:Running Booking: 2024-05-03 06:00:00.852578
DEBUG:urllib3.connectionpool:Starting new HTTPS connection (1): antrimandnewtownabbey.legendonlineservices.co.uk:443
DEBUG:urllib3.connectionpool:https://antrimandnewtownabbey.legendonlineservices.co.uk:443 "POST /valley/Timetable/GetClassTimeTable HTTP/1.1" 200 1743
DEBUG:urllib3.connectionpool:Starting new HTTPS connection (1): antrimandnewtownabbey.legendonlineservices.co.uk:443
DEBUG:urllib3.connectionpool:https://antrimandnewtownabbey.legendonlineservices.co.uk:443 "POST /valley/account/processloginrequest HTTP/1.1" 200 193
DEBUG:urllib3.connectionpool:https://antrimandnewtownabbey.legendonlineservices.co.uk:443 "POST /valley/Timetable/AddClassBookingToBasket HTTP/1.1" 200 243
DEBUG:urllib3.connectionpool:Starting new HTTPS connection (1): antrimandnewtownabbey.legendonlineservices.co.uk:443
DEBUG:urllib3.connectionpool:https://antrimandnewtownabbey.legendonlineservices.co.uk:443 "POST /valley/account/processloginrequest HTTP/1.1" 200 193
DEBUG:urllib3.connectionpool:https://antrimandnewtownabbey.legendonlineservices.co.uk:443 "POST /valley/cart/confirmbasket HTTP/1.1" 200 183
INFO:__main__:Booking Confirmed: YOGA 2024-05-10 10
INFO:__main__:Running Booking: 2024-05-07 06:00:00.753964
DEBUG:urllib3.connectionpool:Starting new HTTPS connection (1): antrimandnewtownabbey.legendonlineservices.co.uk:443
DEBUG:urllib3.connectionpool:https://antrimandnewtownabbey.legendonlineservices.co.uk:443 "POST /valley/Timetable/GetClassTimeTable HTTP/1.1" 200 1935
DEBUG:urllib3.connectionpool:Starting new HTTPS connection (1): antrimandnewtownabbey.legendonlineservices.co.uk:443
DEBUG:urllib3.connectionpool:https://antrimandnewtownabbey.legendonlineservices.co.uk:443 "POST /valley/account/processloginrequest HTTP/1.1" 200 193
DEBUG:urllib3.connectionpool:https://antrimandnewtownabbey.legendonlineservices.co.uk:443 "POST /valley/Timetable/AddClassBookingToBasket HTTP/1.1" 200 245
DEBUG:urllib3.connectionpool:Starting new HTTPS connection (1): antrimandnewtownabbey.legendonlineservices.co.uk:443
DEBUG:urllib3.connectionpool:https://antrimandnewtownabbey.legendonlineservices.co.uk:443 "POST /valley/account/processloginrequest HTTP/1.1" 200 193
DEBUG:urllib3.connectionpool:https://antrimandnewtownabbey.legendonlineservices.co.uk:443 "POST /valley/cart/confirmbasket HTTP/1.1" 200 182
INFO:__main__:Booking Confirmed: PILATES 2024-05-14 10
INFO:__main__:Running Booking: 2024-05-09 06:00:00.073747
DEBUG:urllib3.connectionpool:Starting new HTTPS connection (1): antrimandnewtownabbey.legendonlineservices.co.uk:443
DEBUG:urllib3.connectionpool:https://antrimandnewtownabbey.legendonlineservices.co.uk:443 "POST /valley/Timetable/GetClassTimeTable HTTP/1.1" 200 1839
DEBUG:urllib3.connectionpool:Starting new HTTPS connection (1): antrimandnewtownabbey.legendonlineservices.co.uk:443
DEBUG:urllib3.connectionpool:https://antrimandnewtownabbey.legendonlineservices.co.uk:443 "POST /valley/account/processloginrequest HTTP/1.1" 200 193
DEBUG:urllib3.connectionpool:https://antrimandnewtownabbey.legendonlineservices.co.uk:443 "POST /valley/Timetable/AddClassBookingToBasket HTTP/1.1" 200 246
DEBUG:urllib3.connectionpool:Starting new HTTPS connection (1): antrimandnewtownabbey.legendonlineservices.co.uk:443
DEBUG:urllib3.connectionpool:https://antrimandnewtownabbey.legendonlineservices.co.uk:443 "POST /valley/account/processloginrequest HTTP/1.1" 200 193
DEBUG:urllib3.connectionpool:https://antrimandnewtownabbey.legendonlineservices.co.uk:443 "POST /valley/cart/confirmbasket HTTP/1.1" 200 184
INFO:__main__:Booking Confirmed: PILATES 2024-05-16 10
INFO:__main__:Running Booking: 2024-05-14 06:00:00.679795
DEBUG:urllib3.connectionpool:Starting new HTTPS connection (1): antrimandnewtownabbey.legendonlineservices.co.uk:443
DEBUG:urllib3.connectionpool:https://antrimandnewtownabbey.legendonlineservices.co.uk:443 "POST /valley/Timetable/GetClassTimeTable HTTP/1.1" 200 1931
DEBUG:urllib3.connectionpool:Starting new HTTPS connection (1): antrimandnewtownabbey.legendonlineservices.co.uk:443
DEBUG:urllib3.connectionpool:https://antrimandnewtownabbey.legendonlineservices.co.uk:443 "POST /valley/account/processloginrequest HTTP/1.1" 200 193
DEBUG:urllib3.connectionpool:https://antrimandnewtownabbey.legendonlineservices.co.uk:443 "POST /valley/Timetable/AddClassBookingToBasket HTTP/1.1" 200 246
DEBUG:urllib3.connectionpool:Starting new HTTPS connection (1): antrimandnewtownabbey.legendonlineservices.co.uk:443
DEBUG:urllib3.connectionpool:https://antrimandnewtownabbey.legendonlineservices.co.uk:443 "POST /valley/account/processloginrequest HTTP/1.1" 200 193
DEBUG:urllib3.connectionpool:https://antrimandnewtownabbey.legendonlineservices.co.uk:443 "POST /valley/cart/confirmbasket HTTP/1.1" 200 183
INFO:__main__:Booking Confirmed: PILATES 2024-05-21 10
INFO:__main__:Running Booking: 2024-05-16 06:00:00.908883
DEBUG:urllib3.connectionpool:Starting new HTTPS connection (1): antrimandnewtownabbey.legendonlineservices.co.uk:443
DEBUG:urllib3.connectionpool:https://antrimandnewtownabbey.legendonlineservices.co.uk:443 "POST /valley/Timetable/GetClassTimeTable HTTP/1.1" 200 1825
DEBUG:urllib3.connectionpool:Starting new HTTPS connection (1): antrimandnewtownabbey.legendonlineservices.co.uk:443
DEBUG:urllib3.connectionpool:https://antrimandnewtownabbey.legendonlineservices.co.uk:443 "POST /valley/account/processloginrequest HTTP/1.1" 200 193
DEBUG:urllib3.connectionpool:https://antrimandnewtownabbey.legendonlineservices.co.uk:443 "POST /valley/Timetable/AddClassBookingToBasket HTTP/1.1" 200 246
DEBUG:urllib3.connectionpool:Starting new HTTPS connection (1): antrimandnewtownabbey.legendonlineservices.co.uk:443
DEBUG:urllib3.connectionpool:https://antrimandnewtownabbey.legendonlineservices.co.uk:443 "POST /valley/account/processloginrequest HTTP/1.1" 200 193
DEBUG:urllib3.connectionpool:https://antrimandnewtownabbey.legendonlineservices.co.uk:443 "POST /valley/cart/confirmbasket HTTP/1.1" 200 182
INFO:__main__:Booking Confirmed: PILATES 2024-05-23 10
INFO:__main__:Running Booking: 2024-05-17 06:00:00.388034
DEBUG:urllib3.connectionpool:Starting new HTTPS connection (1): antrimandnewtownabbey.legendonlineservices.co.uk:443
DEBUG:urllib3.connectionpool:https://antrimandnewtownabbey.legendonlineservices.co.uk:443 "POST /valley/Timetable/GetClassTimeTable HTTP/1.1" 200 1748
DEBUG:urllib3.connectionpool:Starting new HTTPS connection (1): antrimandnewtownabbey.legendonlineservices.co.uk:443
DEBUG:urllib3.connectionpool:https://antrimandnewtownabbey.legendonlineservices.co.uk:443 "POST /valley/account/processloginrequest HTTP/1.1" 200 193
DEBUG:urllib3.connectionpool:https://antrimandnewtownabbey.legendonlineservices.co.uk:443 "POST /valley/Timetable/AddClassBookingToBasket HTTP/1.1" 200 245
DEBUG:urllib3.connectionpool:Starting new HTTPS connection (1): antrimandnewtownabbey.legendonlineservices.co.uk:443
DEBUG:urllib3.connectionpool:https://antrimandnewtownabbey.legendonlineservices.co.uk:443 "POST /valley/account/processloginrequest HTTP/1.1" 200 193
DEBUG:urllib3.connectionpool:https://antrimandnewtownabbey.legendonlineservices.co.uk:443 "POST /valley/cart/confirmbasket HTTP/1.1" 200 185
INFO:__main__:Booking Confirmed: YOGA 2024-05-24 10
INFO:__main__:Running Booking: 2024-05-21 06:00:00.519157
DEBUG:urllib3.connectionpool:Starting new HTTPS connection (1): antrimandnewtownabbey.legendonlineservices.co.uk:443
DEBUG:urllib3.connectionpool:https://antrimandnewtownabbey.legendonlineservices.co.uk:443 "POST /valley/Timetable/GetClassTimeTable HTTP/1.1" 200 1942
DEBUG:urllib3.connectionpool:Starting new HTTPS connection (1): antrimandnewtownabbey.legendonlineservices.co.uk:443
DEBUG:urllib3.connectionpool:https://antrimandnewtownabbey.legendonlineservices.co.uk:443 "POST /valley/account/processloginrequest HTTP/1.1" 200 193
DEBUG:urllib3.connectionpool:https://antrimandnewtownabbey.legendonlineservices.co.uk:443 "POST /valley/Timetable/AddClassBookingToBasket HTTP/1.1" 200 245
DEBUG:urllib3.connectionpool:Starting new HTTPS connection (1): antrimandnewtownabbey.legendonlineservices.co.uk:443
DEBUG:urllib3.connectionpool:https://antrimandnewtownabbey.legendonlineservices.co.uk:443 "POST /valley/account/processloginrequest HTTP/1.1" 200 193
DEBUG:urllib3.connectionpool:https://antrimandnewtownabbey.legendonlineservices.co.uk:443 "POST /valley/cart/confirmbasket HTTP/1.1" 200 185
INFO:__main__:Booking Confirmed: PILATES 2024-05-28 10
INFO:__main__:Running Booking: 2024-05-23 06:00:00.965192
DEBUG:urllib3.connectionpool:Starting new HTTPS connection (1): antrimandnewtownabbey.legendonlineservices.co.uk:443
DEBUG:urllib3.connectionpool:https://antrimandnewtownabbey.legendonlineservices.co.uk:443 "POST /valley/Timetable/GetClassTimeTable HTTP/1.1" 200 1813
DEBUG:urllib3.connectionpool:Starting new HTTPS connection (1): antrimandnewtownabbey.legendonlineservices.co.uk:443
DEBUG:urllib3.connectionpool:https://antrimandnewtownabbey.legendonlineservices.co.uk:443 "POST /valley/account/processloginrequest HTTP/1.1" 200 193
DEBUG:urllib3.connectionpool:https://antrimandnewtownabbey.legendonlineservices.co.uk:443 "POST /valley/Timetable/AddClassBookingToBasket HTTP/1.1" 200 245
DEBUG:urllib3.connectionpool:Starting new HTTPS connection (1): antrimandnewtownabbey.legendonlineservices.co.uk:443
DEBUG:urllib3.connectionpool:https://antrimandnewtownabbey.legendonlineservices.co.uk:443 "POST /valley/account/processloginrequest HTTP/1.1" 200 193
DEBUG:urllib3.connectionpool:https://antrimandnewtownabbey.legendonlineservices.co.uk:443 "POST /valley/cart/confirmbasket HTTP/1.1" 200 183
INFO:__main__:Booking Confirmed: PILATES 2024-05-30 10
INFO:__main__:Running Booking: 2024-05-24 06:00:00.843330
DEBUG:urllib3.connectionpool:Starting new HTTPS connection (1): antrimandnewtownabbey.legendonlineservices.co.uk:443
DEBUG:urllib3.connectionpool:https://antrimandnewtownabbey.legendonlineservices.co.uk:443 "POST /valley/Timetable/GetClassTimeTable HTTP/1.1" 200 1749
DEBUG:urllib3.connectionpool:Starting new HTTPS connection (1): antrimandnewtownabbey.legendonlineservices.co.uk:443
DEBUG:urllib3.connectionpool:https://antrimandnewtownabbey.legendonlineservices.co.uk:443 "POST /valley/account/processloginrequest HTTP/1.1" 200 193
DEBUG:urllib3.connectionpool:https://antrimandnewtownabbey.legendonlineservices.co.uk:443 "POST /valley/Timetable/AddClassBookingToBasket HTTP/1.1" 200 245
DEBUG:urllib3.connectionpool:Starting new HTTPS connection (1): antrimandnewtownabbey.legendonlineservices.co.uk:443
DEBUG:urllib3.connectionpool:https://antrimandnewtownabbey.legendonlineservices.co.uk:443 "POST /valley/account/processloginrequest HTTP/1.1" 200 193
DEBUG:urllib3.connectionpool:https://antrimandnewtownabbey.legendonlineservices.co.uk:443 "POST /valley/cart/confirmbasket HTTP/1.1" 200 183
INFO:__main__:Booking Confirmed: YOGA 2024-05-31 10
INFO:__main__:Running Booking: 2024-05-28 06:00:00.222312
DEBUG:urllib3.connectionpool:Starting new HTTPS connection (1): antrimandnewtownabbey.legendonlineservices.co.uk:443
DEBUG:urllib3.connectionpool:https://antrimandnewtownabbey.legendonlineservices.co.uk:443 "POST /valley/Timetable/GetClassTimeTable HTTP/1.1" 200 1913
DEBUG:urllib3.connectionpool:Starting new HTTPS connection (1): antrimandnewtownabbey.legendonlineservices.co.uk:443
DEBUG:urllib3.connectionpool:https://antrimandnewtownabbey.legendonlineservices.co.uk:443 "POST /valley/account/processloginrequest HTTP/1.1" 200 193
DEBUG:urllib3.connectionpool:https://antrimandnewtownabbey.legendonlineservices.co.uk:443 "POST /valley/Timetable/AddClassBookingToBasket HTTP/1.1" 200 245
DEBUG:urllib3.connectionpool:Starting new HTTPS connection (1): antrimandnewtownabbey.legendonlineservices.co.uk:443
DEBUG:urllib3.connectionpool:https://antrimandnewtownabbey.legendonlineservices.co.uk:443 "POST /valley/account/processloginrequest HTTP/1.1" 200 193
DEBUG:urllib3.connectionpool:https://antrimandnewtownabbey.legendonlineservices.co.uk:443 "POST /valley/cart/confirmbasket HTTP/1.1" 200 184
INFO:__main__:Booking Confirmed: PILATES 2024-06-04 10
