INFO:__main__:Running Booking: 2025-02-04 16:41:03.988568
DEBUG:urllib3.connectionpool:Starting new HTTPS connection (1): better-admin.org.uk:443
DEBUG:urllib3.connectionpool:https://better-admin.org.uk:443 "POST /api/auth/customer/login HTTP/1.1" 200 None
ERROR:__main__:date outside of visible dates
<<<<<<< HEAD
INFO:__main__:Running Booking: 2025-02-04 22:05:23.638809
DEBUG:urllib3.connectionpool:Starting new HTTPS connection (1): better-admin.org.uk:443
DEBUG:urllib3.connectionpool:https://better-admin.org.uk:443 "POST /api/auth/customer/login HTTP/1.1" 200 None
ERROR:__main__:date outside of visible dates
INFO:__main__:Running Booking: 2025-02-04 22:06:01.333120
DEBUG:urllib3.connectionpool:Starting new HTTPS connection (1): better-admin.org.uk:443
DEBUG:urllib3.connectionpool:https://better-admin.org.uk:443 "POST /api/auth/customer/login HTTP/1.1" 200 None
ERROR:__main__:date outside of visible dates
INFO:__main__:Running Booking: 2025-02-04 22:09:31.874191
DEBUG:urllib3.connectionpool:Starting new HTTPS connection (1): better-admin.org.uk:443
DEBUG:urllib3.connectionpool:https://better-admin.org.uk:443 "POST /api/auth/customer/login HTTP/1.1" 200 None
ERROR:__main__:date outside of visible dates
INFO:__main__:Running Booking: 2025-02-04 22:09:50.241021
DEBUG:urllib3.connectionpool:Starting new HTTPS connection (1): better-admin.org.uk:443
DEBUG:urllib3.connectionpool:https://better-admin.org.uk:443 "POST /api/auth/customer/login HTTP/1.1" 200 None
INFO:__main__:Running Booking: 2025-02-04 22:10:14.362851
DEBUG:urllib3.connectionpool:Starting new HTTPS connection (1): better-admin.org.uk:443
DEBUG:urllib3.connectionpool:https://better-admin.org.uk:443 "POST /api/auth/customer/login HTTP/1.1" 200 None
DEBUG:urllib3.connectionpool:Starting new HTTPS connection (1): better-admin.org.uk:443
DEBUG:urllib3.connectionpool:https://better-admin.org.uk:443 "GET /api/activities/venue/%7Bgym%7D/activity/%7Bactivity%7D/times?date=2025-02-11 HTTP/1.1" 404 None
INFO:__main__:Running Booking: 2025-02-04 22:10:59.873304
DEBUG:urllib3.connectionpool:Starting new HTTPS connection (1): better-admin.org.uk:443
DEBUG:urllib3.connectionpool:https://better-admin.org.uk:443 "POST /api/auth/customer/login HTTP/1.1" 200 None
DEBUG:urllib3.connectionpool:Starting new HTTPS connection (1): better-admin.org.uk:443
DEBUG:urllib3.connectionpool:https://better-admin.org.uk:443 "GET /api/activities/venue/%7Bgym%7D/activity/%7Bactivity%7D/times?date=2025-02-11 HTTP/1.1" 404 None
INFO:__main__:Running Booking: 2025-02-04 22:12:03.272086
DEBUG:urllib3.connectionpool:Starting new HTTPS connection (1): better-admin.org.uk:443
DEBUG:urllib3.connectionpool:https://better-admin.org.uk:443 "POST /api/auth/customer/login HTTP/1.1" 200 None
DEBUG:urllib3.connectionpool:Starting new HTTPS connection (1): better-admin.org.uk:443
DEBUG:urllib3.connectionpool:https://better-admin.org.uk:443 "GET /api/activities/venue/indoor-tennis-centre-and-ozone-complex/activity/tennis-court-indoor/times?date=2025-02-11 HTTP/1.1" 200 None
ERROR:__main__:date outside of visible dates
INFO:__main__:Running Booking: 2025-02-04 22:13:53.597346
DEBUG:urllib3.connectionpool:Starting new HTTPS connection (1): better-admin.org.uk:443
DEBUG:urllib3.connectionpool:https://better-admin.org.uk:443 "POST /api/auth/customer/login HTTP/1.1" 200 None
DEBUG:urllib3.connectionpool:Starting new HTTPS connection (1): better-admin.org.uk:443
DEBUG:urllib3.connectionpool:https://better-admin.org.uk:443 "GET /api/activities/venue/%7Bgym%7D/activity/%7Bactivity%7D/times?date=2025-02-11 HTTP/1.1" 404 None
INFO:__main__:Running Booking: 2025-02-04 22:15:20.167728
DEBUG:urllib3.connectionpool:Starting new HTTPS connection (1): better-admin.org.uk:443
DEBUG:urllib3.connectionpool:https://better-admin.org.uk:443 "POST /api/auth/customer/login HTTP/1.1" 200 None
DEBUG:urllib3.connectionpool:Starting new HTTPS connection (1): better-admin.org.uk:443
DEBUG:urllib3.connectionpool:https://better-admin.org.uk:443 "GET /api/activities/venue/%7Bgym%7D/activity/%7Bactivity%7D/times?date=2025-02-11 HTTP/1.1" 404 None
INFO:__main__:Running Booking: 2025-02-04 22:16:08.915441
DEBUG:urllib3.connectionpool:Starting new HTTPS connection (1): better-admin.org.uk:443
DEBUG:urllib3.connectionpool:https://better-admin.org.uk:443 "POST /api/auth/customer/login HTTP/1.1" 200 None
DEBUG:urllib3.connectionpool:Starting new HTTPS connection (1): better-admin.org.uk:443
DEBUG:urllib3.connectionpool:https://better-admin.org.uk:443 "GET /api/activities/venue/indoor-tennis-centre-and-ozone-complex/activity/tennis-court-indoor/times?date=2025-02-11 HTTP/1.1" 200 None
ERROR:__main__:date outside of visible dates
INFO:__main__:Running Booking: 2025-02-04 22:16:34.268998
DEBUG:urllib3.connectionpool:Starting new HTTPS connection (1): better-admin.org.uk:443
DEBUG:urllib3.connectionpool:https://better-admin.org.uk:443 "POST /api/auth/customer/login HTTP/1.1" 200 None
DEBUG:urllib3.connectionpool:Starting new HTTPS connection (1): better-admin.org.uk:443
DEBUG:urllib3.connectionpool:https://better-admin.org.uk:443 "GET /api/activities/venue/%7Bgym%7D/activity/%7Bactivity%7D/times?date=2025-02-11 HTTP/1.1" 404 None
INFO:__main__:Running Booking: 2025-02-04 22:17:58.869326
DEBUG:urllib3.connectionpool:Starting new HTTPS connection (1): better-admin.org.uk:443
DEBUG:urllib3.connectionpool:https://better-admin.org.uk:443 "POST /api/auth/customer/login HTTP/1.1" 200 None
DEBUG:urllib3.connectionpool:Starting new HTTPS connection (1): better-admin.org.uk:443
DEBUG:urllib3.connectionpool:https://better-admin.org.uk:443 "GET /api/activities/venue/indoor-tennis-centre-and-ozone-complex/activity/tennis-court-indoor/times?date=2025-02-11 HTTP/1.1" 200 None
ERROR:__main__:date outside of visible dates
INFO:__main__:Running Booking: 2025-02-04 22:20:02.112915
DEBUG:urllib3.connectionpool:Starting new HTTPS connection (1): better-admin.org.uk:443
DEBUG:urllib3.connectionpool:https://better-admin.org.uk:443 "POST /api/auth/customer/login HTTP/1.1" 200 None
DEBUG:urllib3.connectionpool:Starting new HTTPS connection (1): better-admin.org.uk:443
DEBUG:urllib3.connectionpool:https://better-admin.org.uk:443 "GET /api/activities/venue/indoor-tennis-centre-and-ozone-complex/activity/tennis-court-indoor/times?date=2025-02-11 HTTP/1.1" 200 None
INFO:__main__:Running Booking: 2025-02-04 22:20:27.669135
DEBUG:urllib3.connectionpool:Starting new HTTPS connection (1): better-admin.org.uk:443
DEBUG:urllib3.connectionpool:https://better-admin.org.uk:443 "POST /api/auth/customer/login HTTP/1.1" 200 None
DEBUG:urllib3.connectionpool:Starting new HTTPS connection (1): better-admin.org.uk:443
DEBUG:urllib3.connectionpool:https://better-admin.org.uk:443 "GET /api/activities/venue/indoor-tennis-centre-and-ozone-complex/activity/tennis-court-indoor/times?date=2025-02-11 HTTP/1.1" 200 None
DEBUG:urllib3.connectionpool:Starting new HTTPS connection (1): better-admin.org.uk:443
DEBUG:urllib3.connectionpool:https://better-admin.org.uk:443 "GET /api/activities/venue/indoor-tennis-centre-and-ozone-complex/activity/tennis-court-indoor/times?date=2025-02-11 HTTP/1.1" 200 None
DEBUG:urllib3.connectionpool:Starting new HTTPS connection (1): better-admin.org.uk:443
DEBUG:urllib3.connectionpool:https://better-admin.org.uk:443 "GET /api/activities/venue/indoor-tennis-centre-and-ozone-complex/activity/tennis-court-indoor/slots?date=2025-02-11&start_time=20:00&end_time=21:00 HTTP/1.1" 200 None
DEBUG:urllib3.connectionpool:Starting new HTTPS connection (1): better-admin.org.uk:443
DEBUG:urllib3.connectionpool:https://better-admin.org.uk:443 "POST /api/activities/cart/add HTTP/1.1" 200 None
INFO:__main__:{"data":{"id":78351456,"source":"activity-booking","total":0,"formattedTotal":"\u00a30.00","balance":0,"formattedBalance":"\u00a30.00","item_count":1,"items":[{"id":101741251,"cartable_id":65589359,"cartable_type":"activity","parent_item_id":null,"name":"Tennis Court - Indoor (Tue 11 Feb - 20:00)","membership_user_id":2945507,"price":{"benefit_applied":"Belfast Racquets","package_applied":false,"formatted":"\u00a30.00","raw":0},"user_friendly_type":"Activity","enable_print_receipt":false,"cartable_resource":{"id":65589359,"name":"Tennis Court - Indoor","duration":"60min","venue_name":"Indoor Tennis Centre and Ozone Complex","location":{"id":"3916","name":"Tennis Court 3","type":"resource","slug":"tennis-court-3","venue_id":90207,"venue_slug":"indoor-tennis-centre-and-ozone-complex"},"date":{"raw":"2025-02-11","raw_pretty":"11\/02\/2025","day_pretty":"Tue","date_pretty":"11 Feb","full_date_pretty":"Tue 11 February 2025","full_date":"11 February 2025","difference":"6 days from now","tz":"Europe\/London"},"starts_at":{"format_12_hour":"8:00pm","format_24_hour":"20:00"},"ends_at":{"format_12_hour":"9:00pm","format_24_hour":"21:00"}},"sort_by":0,"quantity":1,"max_quantity":1,"notes":[],"child_items":[],"promotion_code":null}],"payments":[],"uuid":"b7a9962b-a99a-49fb-887e-db547bf69e47","credits":{"membership":{"type":"membership","total_available":0,"max_applicable":0},"general":{"type":"general","total_available":0,"max_applicable":0}},"attendeeWaiversRequired":false}}
DEBUG:urllib3.connectionpool:Starting new HTTPS connection (1): better-admin.org.uk:443
DEBUG:urllib3.connectionpool:https://better-admin.org.uk:443 "POST /api/checkout/complete HTTP/1.1" 200 None
INFO:__main__:booking successful
DEBUG:google.auth.transport.requests:Making request: POST https://oauth2.googleapis.com/token
DEBUG:urllib3.connectionpool:Starting new HTTPS connection (1): oauth2.googleapis.com:443
DEBUG:urllib3.connectionpool:https://oauth2.googleapis.com:443 "POST /token HTTP/1.1" 200 None
INFO:googleapiclient.discovery_cache:file_cache is only supported with oauth2client<4.0.0
DEBUG:googleapiclient.discovery:URL being requested: POST https://www.googleapis.com/calendar/v3/calendars/primary/events?alt=json
INFO:__main__:None
INFO:googleapiclient.discovery_cache:file_cache is only supported with oauth2client<4.0.0
DEBUG:googleapiclient.discovery:URL being requested: POST https://gmail.googleapis.com/gmail/v1/users/me/messages/send?alt=json
INFO:__main__:{'id': '194d30d0d8f30d26', 'threadId': '194d30d0d8f30d26', 'labelIds': ['UNREAD', 'SENT', 'INBOX']}
=======
INFO:__main__:Running Booking: 2025-02-04 16:44:41.295839
DEBUG:urllib3.connectionpool:Starting new HTTPS connection (1): better-admin.org.uk:443
DEBUG:urllib3.connectionpool:https://better-admin.org.uk:443 "POST /api/auth/customer/login HTTP/1.1" 200 None
ERROR:__main__:date outside of visible dates
>>>>>>> 5dff72c26000192d0e3fc4f4870a8a76bc62481a
